  [1m[35m (1.4ms)[0m  [1m[34mSELECT sqlite_version(*)[0m
  [1m[35m (117.0ms)[0m  [1m[35mCREATE TABLE "schema_migrations" ("version" varchar NOT NULL PRIMARY KEY)[0m
  [1m[35m (441.6ms)[0m  [1m[35mCREATE TABLE "ar_internal_metadata" ("key" varchar NOT NULL PRIMARY KEY, "value" varchar, "created_at" datetime(6) NOT NULL, "updated_at" datetime(6) NOT NULL)[0m
  [1m[35m (0.3ms)[0m  [1m[34mSELECT "schema_migrations"."version" FROM "schema_migrations" ORDER BY "schema_migrations"."version" ASC[0m
Migrating to CreateTweets (20200423155628)
  [1m[35m (0.1ms)[0m  [1m[36mbegin transaction[0m
  [1m[35m (0.5ms)[0m  [1m[35mCREATE TABLE "tweets" ("id" integer PRIMARY KEY AUTOINCREMENT NOT NULL, "tweet" text, "created_at" datetime(6) NOT NULL, "updated_at" datetime(6) NOT NULL)[0m
  [1m[36mprimary::SchemaMigration Create (0.1ms)[0m  [1m[32mINSERT INTO "schema_migrations" ("version") VALUES (?)[0m  [["version", "20200423155628"]]
  [1m[35m (149.6ms)[0m  [1m[36mcommit transaction[0m
  [1m[36mActiveRecord::InternalMetadata Load (0.4ms)[0m  [1m[34mSELECT "ar_internal_metadata".* FROM "ar_internal_metadata" WHERE "ar_internal_metadata"."key" = ? LIMIT ?[0m  [["key", "environment"], ["LIMIT", 1]]
  [1m[35m (0.1ms)[0m  [1m[36mbegin transaction[0m
  [1m[36mActiveRecord::InternalMetadata Create (0.5ms)[0m  [1m[32mINSERT INTO "ar_internal_metadata" ("key", "value", "created_at", "updated_at") VALUES (?, ?, ?, ?)[0m  [["key", "environment"], ["value", "development"], ["created_at", "2020-04-23 15:57:54.145297"], ["updated_at", "2020-04-23 15:57:54.145297"]]
  [1m[35m (61.9ms)[0m  [1m[36mcommit transaction[0m
  [1m[35m (0.2ms)[0m  [1m[34mSELECT sqlite_version(*)[0m
  [1m[35m (0.3ms)[0m  [1m[34mSELECT "schema_migrations"."version" FROM "schema_migrations" ORDER BY "schema_migrations"."version" ASC[0m
Started GET "/" for ::1 at 2020-04-23 10:58:31 -0500
  [1m[35m (0.3ms)[0m  [1m[34mSELECT sqlite_version(*)[0m
  [1m[35m (0.1ms)[0m  [1m[34mSELECT "schema_migrations"."version" FROM "schema_migrations" ORDER BY "schema_migrations"."version" ASC[0m
Processing by Rails::WelcomeController#index as HTML
  Rendering /home/isaac/.rvm/gems/ruby-2.7.0/gems/railties-6.0.2.2/lib/rails/templates/rails/welcome/index.html.erb
  Rendered /home/isaac/.rvm/gems/ruby-2.7.0/gems/railties-6.0.2.2/lib/rails/templates/rails/welcome/index.html.erb (Duration: 318.3ms | Allocations: 406)
Completed 200 OK in 535ms (Views: 402.9ms | ActiveRecord: 0.0ms | Allocations: 4990)


Started GET "/" for ::1 at 2020-04-23 10:59:07 -0500
  [1m[35m (0.1ms)[0m  [1m[34mSELECT sqlite_version(*)[0m
Processing by TweetsController#index as HTML
  Rendering tweets/index.html.erb within layouts/application
  [1m[36mTweet Load (0.1ms)[0m  [1m[34mSELECT "tweets".* FROM "tweets"[0m
  ↳ app/views/tweets/index.html.erb:14
  Rendered tweets/index.html.erb within layouts/application (Duration: 2.3ms | Allocations: 1291)
[Webpacker] Compiling...
[Webpacker] Compiled all packs in /home/isaac/Microverse/twitter/public/packs
[Webpacker] Hash: 32e57f147dbdcbbf0c82
Version: webpack 4.43.0
Time: 1417ms
Built at: 04/23/2020 10:59:09 AM
                                     Asset       Size       Chunks                         Chunk Names
    js/application-bbe9c4a129ab949e0636.js    124 KiB  application  [emitted] [immutable]  application
js/application-bbe9c4a129ab949e0636.js.map    139 KiB  application  [emitted] [dev]        application
                             manifest.json  364 bytes               [emitted]              
Entrypoint application = js/application-bbe9c4a129ab949e0636.js js/application-bbe9c4a129ab949e0636.js.map
[./app/javascript/channels sync recursive _channel\.js$] ./app/javascript/channels sync _channel\.js$ 160 bytes {application} [built]
[./app/javascript/channels/index.js] 211 bytes {application} [built]
[./app/javascript/packs/application.js] 749 bytes {application} [built]
[./node_modules/webpack/buildin/module.js] (webpack)/buildin/module.js 552 bytes {application} [built]
    + 3 hidden modules

Completed 200 OK in 2599ms (Views: 2595.4ms | ActiveRecord: 0.3ms | Allocations: 24894)


Started GET "/tweets/new" for ::1 at 2020-04-23 10:59:17 -0500
Processing by TweetsController#new as HTML
  Rendering tweets/new.html.erb within layouts/application
  Rendered tweets/_form.html.erb (Duration: 148.4ms | Allocations: 3905)
  Rendered tweets/new.html.erb within layouts/application (Duration: 151.6ms | Allocations: 4241)
[Webpacker] Everything's up-to-date. Nothing to do
Completed 200 OK in 180ms (Views: 161.6ms | ActiveRecord: 0.9ms | Allocations: 9853)


Started POST "/tweets" for ::1 at 2020-04-23 10:59:20 -0500
Processing by TweetsController#create as HTML
  Parameters: {"authenticity_token"=>"hlQO7GQB1Wp18gntIYDvJXN3NyycxTulw8Mt2UOQiHh/7ZKVbjc2/RtPbV7FaMcXCpcsVw2pXzr83hKIv5ppVw==", "tweet"=>{"tweet"=>"A tweet"}, "commit"=>"Create Tweet"}
  [1m[35m (0.1ms)[0m  [1m[36mbegin transaction[0m
  ↳ app/controllers/tweets_controller.rb:30:in `block in create'
  [1m[36mTweet Create (0.3ms)[0m  [1m[32mINSERT INTO "tweets" ("tweet", "created_at", "updated_at") VALUES (?, ?, ?)[0m  [["tweet", "A tweet"], ["created_at", "2020-04-23 15:59:20.404538"], ["updated_at", "2020-04-23 15:59:20.404538"]]
  ↳ app/controllers/tweets_controller.rb:30:in `block in create'
  [1m[35m (169.2ms)[0m  [1m[36mcommit transaction[0m
  ↳ app/controllers/tweets_controller.rb:30:in `block in create'
Redirected to http://localhost:3000/tweets/1
Completed 302 Found in 179ms (ActiveRecord: 169.7ms | Allocations: 3877)


Started GET "/tweets/1" for ::1 at 2020-04-23 10:59:20 -0500
Processing by TweetsController#show as HTML
  Parameters: {"id"=>"1"}
  [1m[36mTweet Load (0.4ms)[0m  [1m[34mSELECT "tweets".* FROM "tweets" WHERE "tweets"."id" = ? LIMIT ?[0m  [["id", 1], ["LIMIT", 1]]
  ↳ app/controllers/tweets_controller.rb:67:in `set_tweet'
  Rendering tweets/show.html.erb within layouts/application
  Rendered tweets/show.html.erb within layouts/application (Duration: 1.5ms | Allocations: 230)
[Webpacker] Everything's up-to-date. Nothing to do
Completed 200 OK in 18ms (Views: 11.9ms | ActiveRecord: 0.4ms | Allocations: 4719)


Started GET "/tweets" for ::1 at 2020-04-23 10:59:26 -0500
Processing by TweetsController#index as HTML
  Rendering tweets/index.html.erb within layouts/application
  [1m[36mTweet Load (0.1ms)[0m  [1m[34mSELECT "tweets".* FROM "tweets"[0m
  ↳ app/views/tweets/index.html.erb:14
  Rendered tweets/index.html.erb within layouts/application (Duration: 1.5ms | Allocations: 731)
[Webpacker] Everything's up-to-date. Nothing to do
Completed 200 OK in 8ms (Views: 7.4ms | ActiveRecord: 0.1ms | Allocations: 4176)


Started GET "/tweets" for ::1 at 2020-04-23 11:05:17 -0500
  [1m[35m (0.4ms)[0m  [1m[34mSELECT sqlite_version(*)[0m
  [1m[35m (0.3ms)[0m  [1m[34mSELECT "schema_migrations"."version" FROM "schema_migrations" ORDER BY "schema_migrations"."version" ASC[0m
Processing by TweetsController#index as HTML
  Rendering tweets/index.html.erb within layouts/application
  [1m[36mTweet Load (0.1ms)[0m  [1m[34mSELECT "tweets".* FROM "tweets"[0m
  ↳ app/views/tweets/index.html.erb:14
  Rendered tweets/index.html.erb within layouts/application (Duration: 5.4ms | Allocations: 3537)
[Webpacker] Everything's up-to-date. Nothing to do
Completed 200 OK in 386ms (Views: 380.0ms | ActiveRecord: 0.5ms | Allocations: 111154)


Started GET "/tweets" for ::1 at 2020-04-23 11:16:54 -0500
  [1m[35m (0.4ms)[0m  [1m[34mSELECT sqlite_version(*)[0m
  [1m[35m (0.1ms)[0m  [1m[34mSELECT "schema_migrations"."version" FROM "schema_migrations" ORDER BY "schema_migrations"."version" ASC[0m
Processing by TweetsController#index as HTML
  Rendering tweets/index.html.erb within layouts/application
  [1m[36mTweet Load (0.1ms)[0m  [1m[34mSELECT "tweets".* FROM "tweets"[0m
  ↳ app/views/tweets/index.html.erb:14
  Rendered tweets/index.html.erb within layouts/application (Duration: 5.1ms | Allocations: 3679)
[Webpacker] Everything's up-to-date. Nothing to do
Completed 200 OK in 25ms (Views: 18.4ms | ActiveRecord: 0.5ms | Allocations: 12986)


Started GET "/tweets" for ::1 at 2020-04-23 11:24:46 -0500
  [1m[35m (0.1ms)[0m  [1m[34mSELECT sqlite_version(*)[0m
Processing by TweetsController#index as HTML
  Rendering tweets/index.html.erb within layouts/application
  [1m[36mTweet Load (0.2ms)[0m  [1m[34mSELECT "tweets".* FROM "tweets"[0m
  ↳ app/views/tweets/index.html.erb:14
  Rendered tweets/index.html.erb within layouts/application (Duration: 2.1ms | Allocations: 976)
[Webpacker] Everything's up-to-date. Nothing to do
Completed 500 Internal Server Error in 219ms (ActiveRecord: 0.2ms | Allocations: 84388)



NoMethodError - undefined method `user_signed_in?' for #<#<Class:0x00005637ef2bc4b0>:0x00005637ef2b23e8>:
  app/views/layouts/application.html.erb:42

Started POST "/__better_errors/7ac5f4401fea730d/variables" for ::1 at 2020-04-23 11:24:47 -0500
Started GET "/tweets" for ::1 at 2020-04-23 11:25:09 -0500
Processing by TweetsController#index as HTML
  Rendering tweets/index.html.erb within layouts/application
  [1m[36mTweet Load (0.2ms)[0m  [1m[34mSELECT "tweets".* FROM "tweets"[0m
  ↳ app/views/tweets/index.html.erb:14
  Rendered tweets/index.html.erb within layouts/application (Duration: 4.3ms | Allocations: 973)
Completed 500 Internal Server Error in 12ms (ActiveRecord: 0.2ms | Allocations: 3759)



SyntaxError - else without rescue is useless
'.freeze;             else 
                      ^~~~
/home/isaac/Microverse/twitter/app/views/layouts/application.html.erb:67: syntax error, unexpected `end', expecting end-of-input
          end
          ^~~
:
  app/views/layouts/application.html.erb:49:in `'

Started POST "/__better_errors/db722ebc99eeb1e0/variables" for ::1 at 2020-04-23 11:25:10 -0500
Started GET "/tweets" for ::1 at 2020-04-23 11:25:29 -0500
Processing by TweetsController#index as HTML
  Rendering tweets/index.html.erb within layouts/application
  [1m[36mTweet Load (0.2ms)[0m  [1m[34mSELECT "tweets".* FROM "tweets"[0m
  ↳ app/views/tweets/index.html.erb:14
  Rendered tweets/index.html.erb within layouts/application (Duration: 4.4ms | Allocations: 969)
[Webpacker] Everything's up-to-date. Nothing to do
Completed 200 OK in 20ms (Views: 17.9ms | ActiveRecord: 0.2ms | Allocations: 6003)


Started GET "/tweets" for ::1 at 2020-04-23 11:28:30 -0500
  [1m[35m (0.3ms)[0m  [1m[34mSELECT sqlite_version(*)[0m
  [1m[35m (0.1ms)[0m  [1m[34mSELECT "schema_migrations"."version" FROM "schema_migrations" ORDER BY "schema_migrations"."version" ASC[0m
Processing by TweetsController#index as HTML
  Rendering tweets/index.html.erb within layouts/application
  [1m[36mTweet Load (0.1ms)[0m  [1m[34mSELECT "tweets".* FROM "tweets"[0m
  ↳ app/views/tweets/index.html.erb:14
  Rendered tweets/index.html.erb within layouts/application (Duration: 5.0ms | Allocations: 3694)
[Webpacker] Everything's up-to-date. Nothing to do
Completed 200 OK in 385ms (Views: 378.1ms | ActiveRecord: 0.5ms | Allocations: 111046)


Started GET "/tweets" for ::1 at 2020-04-23 11:44:55 -0500
  [1m[35m (0.2ms)[0m  [1m[34mSELECT sqlite_version(*)[0m
Processing by TweetsController#index as HTML
  Rendering tweets/index.html.erb within layouts/application
  [1m[36mTweet Load (0.2ms)[0m  [1m[34mSELECT "tweets".* FROM "tweets"[0m
  ↳ app/views/tweets/_feed.html.erb:15
  Rendered tweets/_feed.html.erb (Duration: 1.9ms | Allocations: 766)
  Rendered tweets/index.html.erb within layouts/application (Duration: 3.3ms | Allocations: 1073)
[Webpacker] Everything's up-to-date. Nothing to do
Completed 200 OK in 13ms (Views: 11.2ms | ActiveRecord: 0.2ms | Allocations: 6132)


Started GET "/tweets" for ::1 at 2020-04-23 11:45:26 -0500
Processing by TweetsController#index as HTML
  Rendering tweets/index.html.erb within layouts/application
  [1m[36mTweet Load (0.2ms)[0m  [1m[34mSELECT "tweets".* FROM "tweets"[0m
  ↳ app/views/tweets/_feed.html.erb:15
  Rendered tweets/_feed.html.erb (Duration: 2.8ms | Allocations: 752)
  Rendered tweets/index.html.erb within layouts/application (Duration: 4.5ms | Allocations: 1043)
[Webpacker] Everything's up-to-date. Nothing to do
Completed 200 OK in 22ms (Views: 19.8ms | ActiveRecord: 0.2ms | Allocations: 6079)


Started GET "/tweets" for ::1 at 2020-04-23 11:49:55 -0500
Processing by TweetsController#index as HTML
  Rendering tweets/index.html.erb within layouts/application
  [1m[36mTweet Load (0.2ms)[0m  [1m[34mSELECT "tweets".* FROM "tweets"[0m
  ↳ app/views/tweets/_feed.html.erb:15
  Rendered tweets/_feed.html.erb (Duration: 4.6ms | Allocations: 1047)
  Rendered tweets/index.html.erb within layouts/application (Duration: 6.6ms | Allocations: 1338)
[Webpacker] Everything's up-to-date. Nothing to do
Completed 200 OK in 23ms (Views: 20.8ms | ActiveRecord: 0.2ms | Allocations: 7001)


Started GET "/tweets/new" for ::1 at 2020-04-23 11:50:06 -0500
Processing by TweetsController#new as HTML
  Rendering tweets/new.html.erb within layouts/application
  Rendered tweets/_form.html.erb (Duration: 46.5ms | Allocations: 6383)
  Rendered tweets/new.html.erb within layouts/application (Duration: 47.5ms | Allocations: 6711)
[Webpacker] Everything's up-to-date. Nothing to do
Completed 200 OK in 54ms (Views: 52.7ms | ActiveRecord: 0.0ms | Allocations: 11196)


Started POST "/tweets" for ::1 at 2020-04-23 11:50:12 -0500
Processing by TweetsController#create as HTML
  Parameters: {"authenticity_token"=>"h8nM3atVKcqTf7Sdpw85c3rzZP0du1UXeADYZ/ZH8ip+cFCkoWPKXf3C0C5D5xFBAxN/hozXMYhHHec2Ck0TBQ==", "tweet"=>{"tweet"=>"Testing a new tweet"}, "commit"=>"Create Tweet"}
  [1m[35m (0.1ms)[0m  [1m[36mbegin transaction[0m
  ↳ app/controllers/tweets_controller.rb:30:in `block in create'
  [1m[36mTweet Create (0.6ms)[0m  [1m[32mINSERT INTO "tweets" ("tweet", "created_at", "updated_at") VALUES (?, ?, ?)[0m  [["tweet", "Testing a new tweet"], ["created_at", "2020-04-23 16:50:12.763488"], ["updated_at", "2020-04-23 16:50:12.763488"]]
  ↳ app/controllers/tweets_controller.rb:30:in `block in create'
  [1m[35m (597.3ms)[0m  [1m[36mcommit transaction[0m
  ↳ app/controllers/tweets_controller.rb:30:in `block in create'
Redirected to http://localhost:3000/tweets/2
Completed 302 Found in 609ms (ActiveRecord: 598.0ms | Allocations: 3897)


Started GET "/tweets/2" for ::1 at 2020-04-23 11:50:13 -0500
Processing by TweetsController#show as HTML
  Parameters: {"id"=>"2"}
  [1m[36mTweet Load (0.4ms)[0m  [1m[34mSELECT "tweets".* FROM "tweets" WHERE "tweets"."id" = ? LIMIT ?[0m  [["id", 2], ["LIMIT", 1]]
  ↳ app/controllers/tweets_controller.rb:67:in `set_tweet'
  Rendering tweets/show.html.erb within layouts/application
  Rendered tweets/show.html.erb within layouts/application (Duration: 1.7ms | Allocations: 229)
[Webpacker] Everything's up-to-date. Nothing to do
Completed 200 OK in 18ms (Views: 11.7ms | ActiveRecord: 0.4ms | Allocations: 5705)


Started GET "/tweets" for ::1 at 2020-04-23 11:50:15 -0500
Processing by TweetsController#index as HTML
  Rendering tweets/index.html.erb within layouts/application
  [1m[36mTweet Load (0.2ms)[0m  [1m[34mSELECT "tweets".* FROM "tweets"[0m
  ↳ app/views/tweets/_feed.html.erb:15
  Rendered tweets/_feed.html.erb (Duration: 2.5ms | Allocations: 887)
  Rendered tweets/index.html.erb within layouts/application (Duration: 2.9ms | Allocations: 946)
[Webpacker] Everything's up-to-date. Nothing to do
Completed 200 OK in 13ms (Views: 11.3ms | ActiveRecord: 0.2ms | Allocations: 5357)


Started GET "/tweets/1" for ::1 at 2020-04-23 11:50:43 -0500
Processing by TweetsController#show as HTML
  Parameters: {"id"=>"1"}
  [1m[36mTweet Load (0.1ms)[0m  [1m[34mSELECT "tweets".* FROM "tweets" WHERE "tweets"."id" = ? LIMIT ?[0m  [["id", 1], ["LIMIT", 1]]
  ↳ app/controllers/tweets_controller.rb:67:in `set_tweet'
  Rendering tweets/show.html.erb within layouts/application
  Rendered tweets/show.html.erb within layouts/application (Duration: 0.2ms | Allocations: 77)
[Webpacker] Everything's up-to-date. Nothing to do
Completed 200 OK in 6ms (Views: 4.4ms | ActiveRecord: 0.1ms | Allocations: 4982)


Started GET "/tweets" for ::1 at 2020-04-23 11:50:45 -0500
Processing by TweetsController#index as HTML
  Rendering tweets/index.html.erb within layouts/application
  [1m[36mTweet Load (0.1ms)[0m  [1m[34mSELECT "tweets".* FROM "tweets"[0m
  ↳ app/views/tweets/_feed.html.erb:15
  Rendered tweets/_feed.html.erb (Duration: 2.3ms | Allocations: 885)
  Rendered tweets/index.html.erb within layouts/application (Duration: 2.6ms | Allocations: 944)
[Webpacker] Everything's up-to-date. Nothing to do
Completed 200 OK in 11ms (Views: 9.6ms | ActiveRecord: 0.1ms | Allocations: 5365)


Started GET "/tweets/1/edit" for ::1 at 2020-04-23 11:50:46 -0500
Processing by TweetsController#edit as HTML
  Parameters: {"id"=>"1"}
  [1m[36mTweet Load (0.1ms)[0m  [1m[34mSELECT "tweets".* FROM "tweets" WHERE "tweets"."id" = ? LIMIT ?[0m  [["id", 1], ["LIMIT", 1]]
  ↳ app/controllers/tweets_controller.rb:67:in `set_tweet'
  Rendering tweets/edit.html.erb within layouts/application
  Rendered tweets/_form.html.erb (Duration: 1.1ms | Allocations: 561)
  Rendered tweets/edit.html.erb within layouts/application (Duration: 1.7ms | Allocations: 800)
[Webpacker] Everything's up-to-date. Nothing to do
Completed 200 OK in 8ms (Views: 6.1ms | ActiveRecord: 0.1ms | Allocations: 5846)


Started GET "/tweets" for ::1 at 2020-04-23 11:50:47 -0500
Processing by TweetsController#index as HTML
  Rendering tweets/index.html.erb within layouts/application
  [1m[36mTweet Load (0.1ms)[0m  [1m[34mSELECT "tweets".* FROM "tweets"[0m
  ↳ app/views/tweets/_feed.html.erb:15
  Rendered tweets/_feed.html.erb (Duration: 2.2ms | Allocations: 886)
  Rendered tweets/index.html.erb within layouts/application (Duration: 2.6ms | Allocations: 945)
[Webpacker] Everything's up-to-date. Nothing to do
Completed 200 OK in 15ms (Views: 13.7ms | ActiveRecord: 0.1ms | Allocations: 5362)


Started DELETE "/tweets/1" for ::1 at 2020-04-23 11:50:51 -0500
Processing by TweetsController#destroy as HTML
  Parameters: {"authenticity_token"=>"TR36mqG4/6CHl9vbV3wmKdMLFixGcZv9+bOgrPll0WbYm3rKkwqai2bUm2AO563Tgfr5axChtdbf3TW3I1h6uw==", "id"=>"1"}
  [1m[36mTweet Load (0.2ms)[0m  [1m[34mSELECT "tweets".* FROM "tweets" WHERE "tweets"."id" = ? LIMIT ?[0m  [["id", 1], ["LIMIT", 1]]
  ↳ app/controllers/tweets_controller.rb:67:in `set_tweet'
  [1m[35m (0.1ms)[0m  [1m[36mbegin transaction[0m
  ↳ app/controllers/tweets_controller.rb:57:in `destroy'
  [1m[36mTweet Destroy (2.2ms)[0m  [1m[31mDELETE FROM "tweets" WHERE "tweets"."id" = ?[0m  [["id", 1]]
  ↳ app/controllers/tweets_controller.rb:57:in `destroy'
  [1m[35m (92.4ms)[0m  [1m[36mcommit transaction[0m
  ↳ app/controllers/tweets_controller.rb:57:in `destroy'
Redirected to http://localhost:3000/tweets
Completed 302 Found in 105ms (ActiveRecord: 94.8ms | Allocations: 3649)


Started GET "/tweets" for ::1 at 2020-04-23 11:50:51 -0500
Processing by TweetsController#index as HTML
  Rendering tweets/index.html.erb within layouts/application
  [1m[36mTweet Load (0.1ms)[0m  [1m[34mSELECT "tweets".* FROM "tweets"[0m
  ↳ app/views/tweets/_feed.html.erb:15
  Rendered tweets/_feed.html.erb (Duration: 1.9ms | Allocations: 737)
  Rendered tweets/index.html.erb within layouts/application (Duration: 2.1ms | Allocations: 796)
[Webpacker] Everything's up-to-date. Nothing to do
Completed 200 OK in 10ms (Views: 8.7ms | ActiveRecord: 0.1ms | Allocations: 5255)


Started GET "/tweets" for ::1 at 2020-04-23 11:50:54 -0500
Processing by TweetsController#index as HTML
  Rendering tweets/index.html.erb within layouts/application
  [1m[36mTweet Load (0.2ms)[0m  [1m[34mSELECT "tweets".* FROM "tweets"[0m
  ↳ app/views/tweets/_feed.html.erb:15
  Rendered tweets/_feed.html.erb (Duration: 3.4ms | Allocations: 737)
  Rendered tweets/index.html.erb within layouts/application (Duration: 3.8ms | Allocations: 796)
[Webpacker] Everything's up-to-date. Nothing to do
Completed 200 OK in 17ms (Views: 15.4ms | ActiveRecord: 0.2ms | Allocations: 5216)


Started GET "/tweets" for ::1 at 2020-04-23 12:07:18 -0500
  [1m[35m (0.2ms)[0m  [1m[34mSELECT sqlite_version(*)[0m
Processing by TweetsController#index as HTML
  Rendering tweets/index.html.erb within layouts/application
  [1m[36mTweet Load (0.4ms)[0m  [1m[34mSELECT "tweets".* FROM "tweets"[0m
  ↳ app/views/tweets/_feed.html.erb:15
  Rendered tweets/_feed.html.erb (Duration: 4.7ms | Allocations: 1047)
  Rendered tweets/_who-to-follow.html.erb (Duration: 0.6ms | Allocations: 132)
  Rendered tweets/index.html.erb within layouts/application (Duration: 8.6ms | Allocations: 1689)
[Webpacker] Everything's up-to-date. Nothing to do
Completed 200 OK in 23ms (Views: 20.4ms | ActiveRecord: 0.4ms | Allocations: 7341)


Started GET "/tweets" for ::1 at 2020-04-23 12:09:39 -0500
Processing by TweetsController#index as HTML
  Rendering tweets/index.html.erb within layouts/application
  [1m[36mTweet Load (0.1ms)[0m  [1m[34mSELECT "tweets".* FROM "tweets"[0m
  ↳ app/views/tweets/_feed.html.erb:15
  Rendered tweets/_feed.html.erb (Duration: 2.4ms | Allocations: 1033)
  Rendered tweets/_who-to-follow.html.erb (Duration: 0.3ms | Allocations: 131)
  Rendered tweets/index.html.erb within layouts/application (Duration: 4.1ms | Allocations: 1662)
[Webpacker] Everything's up-to-date. Nothing to do
Completed 200 OK in 14ms (Views: 12.9ms | ActiveRecord: 0.1ms | Allocations: 7287)


Started GET "/tweets" for ::1 at 2020-04-23 12:13:13 -0500
Processing by TweetsController#index as HTML
  Rendering tweets/index.html.erb within layouts/application
  Rendered tweets/_trends.html.erb (Duration: 0.3ms | Allocations: 99)
  [1m[36mTweet Load (0.2ms)[0m  [1m[34mSELECT "tweets".* FROM "tweets"[0m
  ↳ app/views/tweets/_feed.html.erb:15
  Rendered tweets/_feed.html.erb (Duration: 3.0ms | Allocations: 1030)
  Rendered tweets/_who-to-follow.html.erb (Duration: 0.4ms | Allocations: 130)
  Rendered tweets/index.html.erb within layouts/application (Duration: 6.3ms | Allocations: 1971)
[Webpacker] Everything's up-to-date. Nothing to do
Completed 200 OK in 19ms (Views: 17.2ms | ActiveRecord: 0.2ms | Allocations: 7615)


Started GET "/tweets" for ::1 at 2020-04-23 12:14:48 -0500
Processing by TweetsController#index as HTML
  Rendering tweets/index.html.erb within layouts/application
  Rendered tweets/_trends.html.erb (Duration: 0.4ms | Allocations: 98)
  [1m[36mTweet Load (0.2ms)[0m  [1m[34mSELECT "tweets".* FROM "tweets"[0m
  ↳ app/views/tweets/_feed.html.erb:15
  Rendered tweets/_feed.html.erb (Duration: 3.0ms | Allocations: 1030)
  Rendered tweets/_who-to-follow.html.erb (Duration: 0.4ms | Allocations: 130)
  Rendered tweets/index.html.erb within layouts/application (Duration: 6.4ms | Allocations: 1964)
[Webpacker] Everything's up-to-date. Nothing to do
Completed 200 OK in 19ms (Views: 17.4ms | ActiveRecord: 0.2ms | Allocations: 7586)


Started GET "/tweets" for ::1 at 2020-04-23 12:16:55 -0500
Processing by TweetsController#index as HTML
  Rendering tweets/index.html.erb within layouts/application
  Rendered tweets/_trends.html.erb (Duration: 0.4ms | Allocations: 97)
  Rendered tweets/_form.html.erb (Duration: 135.8ms | Allocations: 14777)
  Rendered tweets/_feed.html.erb (Duration: 137.2ms | Allocations: 15288)
  Rendered tweets/index.html.erb within layouts/application (Duration: 139.7ms | Allocations: 15901)
Completed 500 Internal Server Error in 145ms (ActiveRecord: 0.0ms | Allocations: 17294)



NoMethodError - undefined method `model_name' for nil:NilClass:
  app/views/tweets/_form.html.erb:1
  app/views/tweets/_feed.html.erb:9
  app/views/tweets/index.html.erb:5

Started POST "/__better_errors/1bdd505299cb866f/variables" for ::1 at 2020-04-23 12:16:55 -0500
  [1m[36mTweet Load (0.2ms)[0m  [1m[34mSELECT "tweets".* FROM "tweets" LIMIT ?[0m  [["LIMIT", 11]]
Started GET "/tweets" for ::1 at 2020-04-23 12:17:26 -0500
Processing by TweetsController#index as HTML
  Rendering tweets/index.html.erb within layouts/application
  Rendered tweets/_trends.html.erb (Duration: 0.3ms | Allocations: 97)
  Rendered tweets/_form.html.erb (Duration: 2.2ms | Allocations: 1876)
  Rendered tweets/_feed.html.erb (Duration: 3.1ms | Allocations: 2384)
  Rendered tweets/index.html.erb within layouts/application (Duration: 4.9ms | Allocations: 3005)
Completed 500 Internal Server Error in 8ms (ActiveRecord: 0.0ms | Allocations: 4401)



NoMethodError - undefined method `model_name' for nil:NilClass:
  app/views/tweets/_form.html.erb:1
  app/views/tweets/_feed.html.erb:9
  app/views/tweets/index.html.erb:5

Started POST "/__better_errors/267c38d29e944ebf/variables" for ::1 at 2020-04-23 12:17:27 -0500
  [1m[36mTweet Load (0.1ms)[0m  [1m[34mSELECT "tweets".* FROM "tweets" LIMIT ?[0m  [["LIMIT", 11]]
Started GET "/tweets" for ::1 at 2020-04-23 12:19:09 -0500
  [1m[35m (0.1ms)[0m  [1m[34mSELECT sqlite_version(*)[0m
Processing by TweetsController#index as HTML
  Rendering tweets/index.html.erb within layouts/application
  Rendered tweets/_trends.html.erb (Duration: 0.0ms | Allocations: 6)
  Rendered tweets/_form.html.erb (Duration: 39.2ms | Allocations: 3383)
  [1m[36mTweet Load (0.2ms)[0m  [1m[34mSELECT "tweets".* FROM "tweets" ORDER BY created_at DESC[0m
  ↳ app/views/tweets/_feed.html.erb:15
  Rendered tweets/_feed.html.erb (Duration: 40.4ms | Allocations: 4199)
  Rendered tweets/_who-to-follow.html.erb (Duration: 0.2ms | Allocations: 137)
  Rendered tweets/index.html.erb within layouts/application (Duration: 41.3ms | Allocations: 4651)
[Webpacker] Everything's up-to-date. Nothing to do
Completed 200 OK in 51ms (Views: 46.0ms | ActiveRecord: 0.6ms | Allocations: 12130)


Started GET "/tweets" for ::1 at 2020-04-23 12:19:39 -0500
Processing by TweetsController#index as HTML
  Rendering tweets/index.html.erb within layouts/application
  Rendered tweets/_trends.html.erb (Duration: 0.5ms | Allocations: 97)
  Rendered tweets/_form.html.erb (Duration: 8.1ms | Allocations: 3148)
  [1m[36mTweet Load (0.3ms)[0m  [1m[34mSELECT "tweets".* FROM "tweets" ORDER BY created_at DESC[0m
  ↳ app/views/tweets/_feed.html.erb:15
  Rendered tweets/_feed.html.erb (Duration: 12.0ms | Allocations: 4390)
  Rendered tweets/_who-to-follow.html.erb (Duration: 0.3ms | Allocations: 130)
  Rendered tweets/index.html.erb within layouts/application (Duration: 15.8ms | Allocations: 5325)
[Webpacker] Everything's up-to-date. Nothing to do
Completed 200 OK in 27ms (Views: 24.5ms | ActiveRecord: 0.3ms | Allocations: 10893)


Started GET "/tweets" for ::1 at 2020-04-23 12:19:58 -0500
Processing by TweetsController#index as HTML
  Rendering tweets/index.html.erb within layouts/application
  Rendered tweets/_trends.html.erb (Duration: 0.5ms | Allocations: 97)
  Rendered tweets/_form.html.erb (Duration: 11.0ms | Allocations: 3149)
  [1m[36mTweet Load (0.3ms)[0m  [1m[34mSELECT "tweets".* FROM "tweets" ORDER BY created_at DESC[0m
  ↳ app/views/tweets/_feed.html.erb:15
  Rendered tweets/_feed.html.erb (Duration: 15.7ms | Allocations: 4388)
  Rendered tweets/_who-to-follow.html.erb (Duration: 0.3ms | Allocations: 130)
  Rendered tweets/index.html.erb within layouts/application (Duration: 19.6ms | Allocations: 5321)
[Webpacker] Everything's up-to-date. Nothing to do
Completed 200 OK in 33ms (Views: 29.8ms | ActiveRecord: 0.3ms | Allocations: 10881)


Started GET "/tweets" for ::1 at 2020-04-23 12:25:11 -0500
  [1m[35m (0.0ms)[0m  [1m[34mSELECT sqlite_version(*)[0m
Processing by TweetsController#index as HTML
  Rendering tweets/index.html.erb within layouts/application
  Rendered tweets/_trends.html.erb (Duration: 0.0ms | Allocations: 6)
  Rendered tweets/_form.html.erb (Duration: 3.2ms | Allocations: 3006)
  [1m[36mTweet Load (0.1ms)[0m  [1m[34mSELECT "tweets".* FROM "tweets" ORDER BY created_at DESC[0m
  ↳ app/views/tweets/_feed.html.erb:15
  Rendered tweets/_feed.html.erb (Duration: 4.5ms | Allocations: 3818)
  Rendered tweets/_who-to-follow.html.erb (Duration: 0.0ms | Allocations: 5)
  Rendered tweets/index.html.erb within layouts/application (Duration: 5.0ms | Allocations: 3998)
[Webpacker] Everything's up-to-date. Nothing to do
Completed 200 OK in 16ms (Views: 9.9ms | ActiveRecord: 1.0ms | Allocations: 11087)


Started POST "/tweets" for ::1 at 2020-04-23 12:25:19 -0500
Processing by TweetsController#create as HTML
  Parameters: {"authenticity_token"=>"uAIrJRlccDDSB/GBPSK7aVKvGXAkzNxIj3ssGKbdcNwthKt1K+4VGzNEsTpkuTCTAF72N3Ic8mOpFbkDfODbAQ==", "tweet"=>{"tweet"=>"2nd Tweet for testing"}, "commit"=>"Create Tweet"}
  [1m[35m (0.1ms)[0m  [1m[36mbegin transaction[0m
  ↳ app/controllers/tweets_controller.rb:31:in `block in create'
  [1m[36mTweet Create (0.3ms)[0m  [1m[32mINSERT INTO "tweets" ("tweet", "created_at", "updated_at") VALUES (?, ?, ?)[0m  [["tweet", "2nd Tweet for testing"], ["created_at", "2020-04-23 17:25:19.594296"], ["updated_at", "2020-04-23 17:25:19.594296"]]
  ↳ app/controllers/tweets_controller.rb:31:in `block in create'
  [1m[35m (69.9ms)[0m  [1m[36mcommit transaction[0m
  ↳ app/controllers/tweets_controller.rb:31:in `block in create'
Redirected to http://localhost:3000/
Completed 302 Found in 81ms (ActiveRecord: 70.3ms | Allocations: 3528)


Started GET "/" for ::1 at 2020-04-23 12:25:19 -0500
Processing by TweetsController#index as HTML
  Rendering tweets/index.html.erb within layouts/application
  Rendered tweets/_trends.html.erb (Duration: 0.1ms | Allocations: 6)
  Rendered tweets/_form.html.erb (Duration: 10.3ms | Allocations: 2983)
  [1m[36mTweet Load (0.4ms)[0m  [1m[34mSELECT "tweets".* FROM "tweets" ORDER BY created_at DESC[0m
  ↳ app/views/tweets/_feed.html.erb:15
  Rendered tweets/_feed.html.erb (Duration: 14.2ms | Allocations: 4074)
  Rendered tweets/_who-to-follow.html.erb (Duration: 0.0ms | Allocations: 5)
  Rendered tweets/index.html.erb within layouts/application (Duration: 15.6ms | Allocations: 4254)
[Webpacker] Everything's up-to-date. Nothing to do
Completed 200 OK in 25ms (Views: 23.1ms | ActiveRecord: 0.4ms | Allocations: 8623)


Started GET "/" for ::1 at 2020-04-23 12:27:41 -0500
Processing by TweetsController#index as HTML
  Rendering tweets/index.html.erb within layouts/application
  Rendered tweets/_trends.html.erb (Duration: 0.0ms | Allocations: 6)
  Rendered tweets/_form.html.erb (Duration: 4.6ms | Allocations: 2983)
  [1m[36mTweet Load (0.2ms)[0m  [1m[34mSELECT "tweets".* FROM "tweets" ORDER BY created_at DESC[0m
  ↳ app/views/tweets/_feed.html.erb:15
  Rendered tweets/_feed.html.erb (Duration: 6.3ms | Allocations: 3927)
  Rendered tweets/_who-to-follow.html.erb (Duration: 0.0ms | Allocations: 5)
  Rendered tweets/index.html.erb within layouts/application (Duration: 6.8ms | Allocations: 4107)
[Webpacker] Everything's up-to-date. Nothing to do
Completed 200 OK in 377ms (Views: 375.5ms | ActiveRecord: 0.2ms | Allocations: 103487)


Started DELETE "/tweets/3" for ::1 at 2020-04-23 12:27:47 -0500
Processing by TweetsController#destroy as HTML
  Parameters: {"authenticity_token"=>"jIacmI8GDOWD3F4hZLlg46jUi7ytMQNMR6iMnkleilMZABzIvbRpzmKfHpo9IusZ+iVk+/vhLWdhxhmFk2Mhjg==", "id"=>"3"}
  [1m[36mTweet Load (0.2ms)[0m  [1m[34mSELECT "tweets".* FROM "tweets" WHERE "tweets"."id" = ? LIMIT ?[0m  [["id", 3], ["LIMIT", 1]]
  ↳ app/controllers/tweets_controller.rb:68:in `set_tweet'
  [1m[35m (0.1ms)[0m  [1m[36mbegin transaction[0m
  ↳ app/controllers/tweets_controller.rb:58:in `destroy'
  [1m[36mTweet Destroy (0.5ms)[0m  [1m[31mDELETE FROM "tweets" WHERE "tweets"."id" = ?[0m  [["id", 3]]
  ↳ app/controllers/tweets_controller.rb:58:in `destroy'
  [1m[35m (392.3ms)[0m  [1m[36mcommit transaction[0m
  ↳ app/controllers/tweets_controller.rb:58:in `destroy'
Redirected to http://localhost:3000/tweets
Completed 302 Found in 400ms (ActiveRecord: 393.0ms | Allocations: 3809)


Started GET "/tweets" for ::1 at 2020-04-23 12:27:47 -0500
Processing by TweetsController#index as HTML
  Rendering tweets/index.html.erb within layouts/application
  Rendered tweets/_trends.html.erb (Duration: 0.1ms | Allocations: 6)
  Rendered tweets/_form.html.erb (Duration: 10.0ms | Allocations: 2987)
  [1m[36mTweet Load (0.3ms)[0m  [1m[34mSELECT "tweets".* FROM "tweets" ORDER BY created_at DESC[0m
  ↳ app/views/tweets/_feed.html.erb:15
  Rendered tweets/_feed.html.erb (Duration: 12.6ms | Allocations: 3783)
  Rendered tweets/_who-to-follow.html.erb (Duration: 0.0ms | Allocations: 5)
  Rendered tweets/index.html.erb within layouts/application (Duration: 13.7ms | Allocations: 3963)
[Webpacker] Everything's up-to-date. Nothing to do
Completed 200 OK in 23ms (Views: 21.0ms | ActiveRecord: 0.3ms | Allocations: 8356)


Started GET "/tweets" for ::1 at 2020-04-23 12:27:50 -0500
Processing by TweetsController#index as HTML
  Rendering tweets/index.html.erb within layouts/application
  Rendered tweets/_trends.html.erb (Duration: 0.0ms | Allocations: 6)
  Rendered tweets/_form.html.erb (Duration: 7.3ms | Allocations: 2983)
  [1m[36mTweet Load (0.3ms)[0m  [1m[34mSELECT "tweets".* FROM "tweets" ORDER BY created_at DESC[0m
  ↳ app/views/tweets/_feed.html.erb:15
  Rendered tweets/_feed.html.erb (Duration: 10.1ms | Allocations: 3779)
  Rendered tweets/_who-to-follow.html.erb (Duration: 0.1ms | Allocations: 5)
  Rendered tweets/index.html.erb within layouts/application (Duration: 11.1ms | Allocations: 3959)
[Webpacker] Everything's up-to-date. Nothing to do
Completed 200 OK in 22ms (Views: 20.1ms | ActiveRecord: 0.3ms | Allocations: 8331)


Started POST "/tweets" for ::1 at 2020-04-23 12:27:53 -0500
Processing by TweetsController#create as HTML
  Parameters: {"authenticity_token"=>"AP0iM89zgMydNme6jwH9o1QHAchexCstcb5AcfBpISuVe6Jj/cHl53x1JwHWmnZZBvbujwgUBQZX0NVqKlSK9g==", "tweet"=>{"tweet"=>"2nd Tweet for testing\r\n\r\n"}, "commit"=>"Create Tweet"}
  [1m[35m (0.1ms)[0m  [1m[36mbegin transaction[0m
  ↳ app/controllers/tweets_controller.rb:31:in `block in create'
  [1m[36mTweet Create (0.2ms)[0m  [1m[32mINSERT INTO "tweets" ("tweet", "created_at", "updated_at") VALUES (?, ?, ?)[0m  [["tweet", "2nd Tweet for testing\r\n\r\n"], ["created_at", "2020-04-23 17:27:53.454478"], ["updated_at", "2020-04-23 17:27:53.454478"]]
  ↳ app/controllers/tweets_controller.rb:31:in `block in create'
  [1m[35m (63.6ms)[0m  [1m[36mcommit transaction[0m
  ↳ app/controllers/tweets_controller.rb:31:in `block in create'
Redirected to http://localhost:3000/
Completed 302 Found in 71ms (ActiveRecord: 63.9ms | Allocations: 3528)


Started GET "/" for ::1 at 2020-04-23 12:27:53 -0500
Processing by TweetsController#index as HTML
  Rendering tweets/index.html.erb within layouts/application
  Rendered tweets/_trends.html.erb (Duration: 0.1ms | Allocations: 6)
  Rendered tweets/_form.html.erb (Duration: 6.6ms | Allocations: 2986)
  [1m[36mTweet Load (0.2ms)[0m  [1m[34mSELECT "tweets".* FROM "tweets" ORDER BY created_at DESC[0m
  ↳ app/views/tweets/_feed.html.erb:15
  Rendered tweets/_feed.html.erb (Duration: 8.9ms | Allocations: 3931)
  Rendered tweets/_who-to-follow.html.erb (Duration: 0.0ms | Allocations: 5)
  Rendered tweets/index.html.erb within layouts/application (Duration: 9.7ms | Allocations: 4111)
[Webpacker] Everything's up-to-date. Nothing to do
Completed 200 OK in 18ms (Views: 15.9ms | ActiveRecord: 0.2ms | Allocations: 8635)


  [1m[35m (0.3ms)[0m  [1m[34mSELECT sqlite_version(*)[0m
  [1m[35m (0.1ms)[0m  [1m[34mSELECT "schema_migrations"."version" FROM "schema_migrations" ORDER BY "schema_migrations"."version" ASC[0m
Migrating to DeviseCreateUsers (20200423172900)
  [1m[35m (0.0ms)[0m  [1m[36mbegin transaction[0m
  [1m[35m (0.3ms)[0m  [1m[35mCREATE TABLE "users" ("id" integer PRIMARY KEY AUTOINCREMENT NOT NULL, "email" varchar DEFAULT '' NOT NULL, "encrypted_password" varchar DEFAULT '' NOT NULL, "reset_password_token" varchar, "reset_password_sent_at" datetime, "remember_created_at" datetime, "created_at" datetime(6) NOT NULL, "updated_at" datetime(6) NOT NULL)[0m
  [1m[35m (0.2ms)[0m  [1m[35mCREATE UNIQUE INDEX "index_users_on_email" ON "users" ("email")[0m
  [1m[35m (0.1ms)[0m  [1m[35mCREATE UNIQUE INDEX "index_users_on_reset_password_token" ON "users" ("reset_password_token")[0m
  [1m[36mprimary::SchemaMigration Create (0.2ms)[0m  [1m[32mINSERT INTO "schema_migrations" ("version") VALUES (?)[0m  [["version", "20200423172900"]]
  [1m[35m (87.3ms)[0m  [1m[36mcommit transaction[0m
  [1m[36mActiveRecord::InternalMetadata Load (0.4ms)[0m  [1m[34mSELECT "ar_internal_metadata".* FROM "ar_internal_metadata" WHERE "ar_internal_metadata"."key" = ? LIMIT ?[0m  [["key", "environment"], ["LIMIT", 1]]
  [1m[35m (0.1ms)[0m  [1m[34mSELECT sqlite_version(*)[0m
  [1m[35m (0.3ms)[0m  [1m[34mSELECT "schema_migrations"."version" FROM "schema_migrations" ORDER BY "schema_migrations"."version" ASC[0m
DEPRECATION WARNING: Using `bin/rake routes` is deprecated and will be removed in Rails 6.1. Use `bin/rails routes` instead.
 (called from block in execute at /home/isaac/.rvm/rubies/ruby-2.7.0/lib/ruby/gems/2.7.0/gems/rake-13.0.1/lib/rake/task.rb:281)
Started GET "/users/sign_up" for ::1 at 2020-04-23 12:31:09 -0500
  [1m[35m (0.3ms)[0m  [1m[34mSELECT sqlite_version(*)[0m
  [1m[35m (0.1ms)[0m  [1m[34mSELECT "schema_migrations"."version" FROM "schema_migrations" ORDER BY "schema_migrations"."version" ASC[0m
Processing by Devise::RegistrationsController#new as HTML
  Rendering devise/registrations/new.html.erb within layouts/application
  Rendered devise/shared/_links.html.erb (Duration: 2.6ms | Allocations: 543)
  Rendered devise/registrations/new.html.erb within layouts/application (Duration: 87.9ms | Allocations: 16599)
[Webpacker] Everything's up-to-date. Nothing to do
Completed 200 OK in 157ms (Views: 134.6ms | ActiveRecord: 1.0ms | Allocations: 34530)


  [1m[35m (0.3ms)[0m  [1m[34mSELECT sqlite_version(*)[0m
  [1m[35m (0.1ms)[0m  [1m[34mSELECT "schema_migrations"."version" FROM "schema_migrations" ORDER BY "schema_migrations"."version" ASC[0m
Migrating to AddFieldsToUsers (20200423173957)
  [1m[35m (0.0ms)[0m  [1m[36mbegin transaction[0m
  [1m[35m (0.3ms)[0m  [1m[35mALTER TABLE "users" ADD "name" varchar[0m
  [1m[35m (0.2ms)[0m  [1m[35mALTER TABLE "users" ADD "username" varchar[0m
  [1m[35m (0.1ms)[0m  [1m[35mCREATE UNIQUE INDEX "index_users_on_username" ON "users" ("username")[0m
  [1m[36mprimary::SchemaMigration Create (0.2ms)[0m  [1m[32mINSERT INTO "schema_migrations" ("version") VALUES (?)[0m  [["version", "20200423173957"]]
  [1m[35m (92.5ms)[0m  [1m[36mcommit transaction[0m
  [1m[36mActiveRecord::InternalMetadata Load (0.4ms)[0m  [1m[34mSELECT "ar_internal_metadata".* FROM "ar_internal_metadata" WHERE "ar_internal_metadata"."key" = ? LIMIT ?[0m  [["key", "environment"], ["LIMIT", 1]]
  [1m[35m (0.2ms)[0m  [1m[34mSELECT sqlite_version(*)[0m
  [1m[35m (0.2ms)[0m  [1m[34mSELECT "schema_migrations"."version" FROM "schema_migrations" ORDER BY "schema_migrations"."version" ASC[0m
Started GET "/users/sign_up" for ::1 at 2020-04-23 12:45:30 -0500
  [1m[35m (0.1ms)[0m  [1m[34mSELECT sqlite_version(*)[0m
  [1m[35m (0.1ms)[0m  [1m[34mSELECT "schema_migrations"."version" FROM "schema_migrations" ORDER BY "schema_migrations"."version" ASC[0m
Processing by Devise::RegistrationsController#new as HTML
  Rendering devise/registrations/new.html.erb within layouts/application
  Rendered devise/registrations/new.html.erb within layouts/application (Duration: 8.0ms | Allocations: 6912)
Completed 500 Internal Server Error in 16ms (ActiveRecord: 0.0ms | Allocations: 12592)



NoMethodError - undefined method `name' for #<User id: nil, email: "", created_at: nil, updated_at: nil>:
  app/views/devise/registrations/new.html.erb:14
  app/views/devise/registrations/new.html.erb:9

Started POST "/__better_errors/c9b8a4c7a3c157d4/variables" for ::1 at 2020-04-23 12:45:35 -0500
  [1m[35m (0.2ms)[0m  [1m[34mSELECT sqlite_version(*)[0m
  [1m[35m (0.1ms)[0m  [1m[34mSELECT "schema_migrations"."version" FROM "schema_migrations" ORDER BY "schema_migrations"."version" ASC[0m
  [1m[36mActiveRecord::InternalMetadata Load (0.1ms)[0m  [1m[34mSELECT "ar_internal_metadata".* FROM "ar_internal_metadata" WHERE "ar_internal_metadata"."key" = ? LIMIT ?[0m  [["key", "environment"], ["LIMIT", 1]]
  [1m[35m (0.1ms)[0m  [1m[34mSELECT sqlite_version(*)[0m
  [1m[35m (0.1ms)[0m  [1m[34mSELECT "schema_migrations"."version" FROM "schema_migrations" ORDER BY "schema_migrations"."version" ASC[0m
Started POST "/__better_errors/c9b8a4c7a3c157d4/variables" for ::1 at 2020-04-23 12:46:34 -0500
Started GET "/users/sign_up" for ::1 at 2020-04-23 12:47:24 -0500
  [1m[35m (0.1ms)[0m  [1m[34mSELECT sqlite_version(*)[0m
Processing by Devise::RegistrationsController#new as HTML
  Rendering devise/registrations/new.html.erb within layouts/application
  Rendered devise/shared/_links.html.erb (Duration: 0.6ms | Allocations: 488)
  Rendered devise/registrations/new.html.erb within layouts/application (Duration: 12.8ms | Allocations: 10329)
[Webpacker] Everything's up-to-date. Nothing to do
Completed 200 OK in 38ms (Views: 18.5ms | ActiveRecord: 0.7ms | Allocations: 20747)


Started GET "/users/sign_up" for ::1 at 2020-04-23 12:56:18 -0500
  [1m[35m (0.2ms)[0m  [1m[34mSELECT sqlite_version(*)[0m
Processing by Devise::RegistrationsController#new as HTML
  Rendering devise/registrations/new.html.erb within layouts/application
  Rendered devise/shared/_links.html.erb (Duration: 0.7ms | Allocations: 463)
  Rendered devise/registrations/new.html.erb within layouts/application (Duration: 17.6ms | Allocations: 10212)
[Webpacker] Everything's up-to-date. Nothing to do
Completed 200 OK in 28ms (Views: 26.0ms | ActiveRecord: 0.0ms | Allocations: 16301)


Started GET "/users/sign_in" for ::1 at 2020-04-23 12:56:21 -0500
Processing by Devise::SessionsController#new as HTML
  Rendering devise/sessions/new.html.erb within layouts/application
  Rendered devise/shared/_links.html.erb (Duration: 1.3ms | Allocations: 201)
  Rendered devise/shared/_links.html.erb (Duration: 0.5ms | Allocations: 130)
  Rendered devise/sessions/new.html.erb within layouts/application (Duration: 302.6ms | Allocations: 9383)
[Webpacker] Everything's up-to-date. Nothing to do
Completed 200 OK in 385ms (Views: 318.6ms | ActiveRecord: 0.0ms | Allocations: 15110)


Started GET "/users/sign_in" for ::1 at 2020-04-23 12:56:48 -0500
Processing by Devise::SessionsController#new as HTML
  Rendering devise/sessions/new.html.erb within layouts/application
  Rendered devise/shared/_links.html.erb (Duration: 0.7ms | Allocations: 524)
  Rendered devise/sessions/new.html.erb within layouts/application (Duration: 11.6ms | Allocations: 9122)
[Webpacker] Everything's up-to-date. Nothing to do
Completed 200 OK in 18ms (Views: 17.4ms | ActiveRecord: 0.0ms | Allocations: 15324)


Started GET "/users/sign_up" for ::1 at 2020-04-23 12:56:50 -0500
Processing by Devise::RegistrationsController#new as HTML
  Rendering devise/registrations/new.html.erb within layouts/application
  Rendered devise/shared/_links.html.erb (Duration: 0.1ms | Allocations: 81)
  Rendered devise/registrations/new.html.erb within layouts/application (Duration: 13.7ms | Allocations: 9713)
[Webpacker] Everything's up-to-date. Nothing to do
Completed 200 OK in 21ms (Views: 20.2ms | ActiveRecord: 0.0ms | Allocations: 14845)


Started GET "/users/sign_in" for ::1 at 2020-04-23 12:56:52 -0500
Processing by Devise::SessionsController#new as HTML
  Rendering devise/sessions/new.html.erb within layouts/application
  Rendered devise/shared/_links.html.erb (Duration: 0.2ms | Allocations: 131)
  Rendered devise/sessions/new.html.erb within layouts/application (Duration: 14.3ms | Allocations: 8352)
[Webpacker] Everything's up-to-date. Nothing to do
Completed 200 OK in 20ms (Views: 18.7ms | ActiveRecord: 0.0ms | Allocations: 12895)


Started GET "/users/password/new" for ::1 at 2020-04-23 12:56:53 -0500
Processing by Devise::PasswordsController#new as HTML
  Rendering devise/passwords/new.html.erb within layouts/application
  Rendered devise/shared/_links.html.erb (Duration: 0.3ms | Allocations: 138)
  Rendered devise/passwords/new.html.erb within layouts/application (Duration: 5.2ms | Allocations: 3487)
[Webpacker] Everything's up-to-date. Nothing to do
Completed 200 OK in 11ms (Views: 10.2ms | ActiveRecord: 0.0ms | Allocations: 8689)


Started GET "/users/password/new" for ::1 at 2020-04-23 12:57:07 -0500
Processing by Devise::PasswordsController#new as HTML
  Rendering devise/passwords/new.html.erb within layouts/application
  Rendered devise/shared/_links.html.erb (Duration: 0.8ms | Allocations: 513)
  Rendered devise/passwords/new.html.erb within layouts/application (Duration: 7.2ms | Allocations: 3995)
[Webpacker] Everything's up-to-date. Nothing to do
Completed 200 OK in 16ms (Views: 14.3ms | ActiveRecord: 0.0ms | Allocations: 10045)


Started GET "/users/sign_in" for ::1 at 2020-04-23 14:13:47 -0500
  [1m[35m (1.4ms)[0m  [1m[34mSELECT sqlite_version(*)[0m
  [1m[35m (0.3ms)[0m  [1m[34mSELECT "schema_migrations"."version" FROM "schema_migrations" ORDER BY "schema_migrations"."version" ASC[0m
Processing by Devise::SessionsController#new as HTML
  Rendering devise/sessions/new.html.erb within layouts/application
  Rendered devise/shared/_links.html.erb (Duration: 2.9ms | Allocations: 602)
  Rendered devise/sessions/new.html.erb within layouts/application (Duration: 330.9ms | Allocations: 17572)
[Webpacker] Everything's up-to-date. Nothing to do
Completed 200 OK in 745ms (Views: 706.6ms | ActiveRecord: 1.0ms | Allocations: 32443)


  [1m[35m (0.3ms)[0m  [1m[34mSELECT sqlite_version(*)[0m
  [1m[35m (0.6ms)[0m  [1m[34mSELECT "schema_migrations"."version" FROM "schema_migrations" ORDER BY "schema_migrations"."version" ASC[0m
Migrating to AddUserIdToTweets (20200423191827)
  [1m[35m (0.2ms)[0m  [1m[36mbegin transaction[0m
  [1m[35m (3.2ms)[0m  [1m[35mALTER TABLE "tweets" ADD "user_id" integer[0m
  [1m[36mprimary::SchemaMigration Create (0.4ms)[0m  [1m[32mINSERT INTO "schema_migrations" ("version") VALUES (?)[0m  [["version", "20200423191827"]]
  [1m[35m (147.5ms)[0m  [1m[36mcommit transaction[0m
  [1m[36mActiveRecord::InternalMetadata Load (0.5ms)[0m  [1m[34mSELECT "ar_internal_metadata".* FROM "ar_internal_metadata" WHERE "ar_internal_metadata"."key" = ? LIMIT ?[0m  [["key", "environment"], ["LIMIT", 1]]
  [1m[35m (0.1ms)[0m  [1m[34mSELECT sqlite_version(*)[0m
  [1m[35m (0.3ms)[0m  [1m[34mSELECT "schema_migrations"."version" FROM "schema_migrations" ORDER BY "schema_migrations"."version" ASC[0m
Started GET "/users/sign_in" for ::1 at 2020-04-23 14:22:13 -0500
  [1m[35m (0.1ms)[0m  [1m[34mSELECT sqlite_version(*)[0m
  [1m[35m (0.1ms)[0m  [1m[34mSELECT "schema_migrations"."version" FROM "schema_migrations" ORDER BY "schema_migrations"."version" ASC[0m
Processing by Devise::SessionsController#new as HTML
  Rendering devise/sessions/new.html.erb within layouts/application
  Rendered devise/shared/_links.html.erb (Duration: 0.2ms | Allocations: 143)
  Rendered devise/sessions/new.html.erb within layouts/application (Duration: 10.9ms | Allocations: 8380)
[Webpacker] Everything's up-to-date. Nothing to do
Completed 200 OK in 23ms (Views: 16.1ms | ActiveRecord: 0.0ms | Allocations: 17813)


Started GET "/users/sign_up" for ::1 at 2020-04-23 14:22:15 -0500
Processing by Devise::RegistrationsController#new as HTML
  Rendering devise/registrations/new.html.erb within layouts/application
  Rendered devise/shared/_links.html.erb (Duration: 0.4ms | Allocations: 120)
  Rendered devise/registrations/new.html.erb within layouts/application (Duration: 109.1ms | Allocations: 10482)
[Webpacker] Everything's up-to-date. Nothing to do
Completed 200 OK in 118ms (Views: 116.7ms | ActiveRecord: 0.0ms | Allocations: 15742)


Started POST "/users" for ::1 at 2020-04-23 14:23:34 -0500
Processing by Devise::RegistrationsController#create as HTML
  Parameters: {"authenticity_token"=>"TGNj/AkSkacJnuz/mGAn9yuqc8ZwWk32l3JulUPYmgoVVlynNKmhz/3cZ0TRmU0VSGFL58CWAwUCXHwej9xl6A==", "user"=>{"name"=>"Isaac Gonzalez", "username"=>"idgm5", "email"=>"idgm@pm.me", "password"=>"[FILTERED]", "password_confirmation"=>"[FILTERED]"}, "commit"=>"Sign up"}
[31mUnpermitted parameters: :name, :username[0m
  [1m[35m (0.0ms)[0m  [1m[36mbegin transaction[0m
  [1m[36mUser Exists? (0.1ms)[0m  [1m[34mSELECT 1 AS one FROM "users" WHERE "users"."email" = ? LIMIT ?[0m  [["email", "idgm@pm.me"], ["LIMIT", 1]]
  [1m[36mUser Create (0.3ms)[0m  [1m[32mINSERT INTO "users" ("email", "encrypted_password", "created_at", "updated_at") VALUES (?, ?, ?, ?)[0m  [["email", "idgm@pm.me"], ["encrypted_password", "$2a$11$ZLzGntyWykIbYcXUqL4KF.xWPLz6Io6pxHMDa0IA49yfavk8u0p1W"], ["created_at", "2020-04-23 19:23:34.988033"], ["updated_at", "2020-04-23 19:23:34.988033"]]
  [1m[35m (94.5ms)[0m  [1m[36mcommit transaction[0m
Redirected to http://localhost:3000/
Completed 302 Found in 397ms (ActiveRecord: 94.9ms | Allocations: 11345)


Started GET "/" for ::1 at 2020-04-23 14:23:35 -0500
Processing by TweetsController#index as HTML
  Rendering tweets/index.html.erb within layouts/application
  Rendered tweets/_trends.html.erb (Duration: 7.6ms | Allocations: 99)
  Rendered tweets/_form.html.erb (Duration: 15.7ms | Allocations: 3333)
  [1m[36mTweet Load (0.4ms)[0m  [1m[34mSELECT "tweets".* FROM "tweets" ORDER BY created_at DESC[0m
  ↳ app/views/tweets/_feed.html.erb:15
  Rendered tweets/_feed.html.erb (Duration: 29.7ms | Allocations: 4763)
  Rendered tweets/_who-to-follow.html.erb (Duration: 7.4ms | Allocations: 132)
  Rendered tweets/index.html.erb within layouts/application (Duration: 55.8ms | Allocations: 5718)
[Webpacker] Everything's up-to-date. Nothing to do
Completed 200 OK in 121ms (Views: 71.3ms | ActiveRecord: 1.7ms | Allocations: 14403)


  [1m[35m (1.0ms)[0m  [1m[34mSELECT sqlite_version(*)[0m
  [1m[36mUser Load (0.4ms)[0m  [1m[34mSELECT "users".* FROM "users" LIMIT ?[0m  [["LIMIT", 11]]
  [1m[35m (0.2ms)[0m  [1m[34mSELECT sqlite_version(*)[0m
  [1m[36mUser Load (0.1ms)[0m  [1m[34mSELECT "users".* FROM "users" ORDER BY "users"."id" DESC LIMIT ?[0m  [["LIMIT", 1]]
  [1m[35m (0.1ms)[0m  [1m[36mbegin transaction[0m
  [1m[36mUser Destroy (0.3ms)[0m  [1m[31mDELETE FROM "users" WHERE "users"."id" = ?[0m  [["id", 1]]
  [1m[35m (98.6ms)[0m  [1m[36mcommit transaction[0m
  [1m[36mUser Load (0.4ms)[0m  [1m[34mSELECT "users".* FROM "users" LIMIT ?[0m  [["LIMIT", 11]]
Started GET "/" for ::1 at 2020-04-23 14:27:31 -0500
  [1m[35m (0.0ms)[0m  [1m[34mSELECT sqlite_version(*)[0m
Processing by TweetsController#index as HTML
  Rendering tweets/index.html.erb within layouts/application
  Rendered tweets/_trends.html.erb (Duration: 0.0ms | Allocations: 6)
  Rendered tweets/_form.html.erb (Duration: 3.2ms | Allocations: 3024)
  [1m[36mTweet Load (0.1ms)[0m  [1m[34mSELECT "tweets".* FROM "tweets" ORDER BY created_at DESC[0m
  ↳ app/views/tweets/_feed.html.erb:15
  Rendered tweets/_feed.html.erb (Duration: 4.8ms | Allocations: 3987)
  Rendered tweets/_who-to-follow.html.erb (Duration: 0.0ms | Allocations: 5)
  Rendered tweets/index.html.erb within layouts/application (Duration: 5.3ms | Allocations: 4167)
[Webpacker] Everything's up-to-date. Nothing to do
Completed 200 OK in 16ms (Views: 10.4ms | ActiveRecord: 0.6ms | Allocations: 11773)


Started GET "/users/sign_up" for ::1 at 2020-04-23 14:27:38 -0500
Processing by RegistrationsController#new as HTML
  [1m[36mUser Load (0.1ms)[0m  [1m[34mSELECT "users".* FROM "users" WHERE "users"."id" = ? ORDER BY "users"."id" ASC LIMIT ?[0m  [["id", 1], ["LIMIT", 1]]
  Rendering devise/registrations/new.html.erb within layouts/application
  Rendered devise/shared/_links.html.erb (Duration: 0.3ms | Allocations: 89)
  Rendered devise/registrations/new.html.erb within layouts/application (Duration: 15.5ms | Allocations: 9695)
[Webpacker] Everything's up-to-date. Nothing to do
Completed 200 OK in 31ms (Views: 21.7ms | ActiveRecord: 0.5ms | Allocations: 21557)


Started POST "/users" for ::1 at 2020-04-23 14:27:51 -0500
Processing by RegistrationsController#create as HTML
  Parameters: {"authenticity_token"=>"0iTc4nslUX1cSJFdRP7sl+/M5TKHQO66Zv7sFumBBkpHolyySZc0Vr0L0eYdZWdtvT0KddGQwJFAkHkNM7ytlw==", "user"=>{"name"=>"Isaac Gonzalez", "username"=>"idgm5", "email"=>"idgm@pm.me", "password"=>"[FILTERED]", "password_confirmation"=>"[FILTERED]"}, "commit"=>"Sign up"}
  [1m[35m (0.0ms)[0m  [1m[36mbegin transaction[0m
  [1m[36mUser Exists? (0.1ms)[0m  [1m[34mSELECT 1 AS one FROM "users" WHERE "users"."email" = ? LIMIT ?[0m  [["email", "idgm@pm.me"], ["LIMIT", 1]]
  [1m[36mUser Create (0.2ms)[0m  [1m[32mINSERT INTO "users" ("email", "encrypted_password", "created_at", "updated_at", "name", "username") VALUES (?, ?, ?, ?, ?, ?)[0m  [["email", "idgm@pm.me"], ["encrypted_password", "$2a$11$tOMPdOJlKZNjgc7/8ZAcO.nn96Rfyy7MWU0NLBN61WjXTA4KfUPi."], ["created_at", "2020-04-23 19:27:51.553979"], ["updated_at", "2020-04-23 19:27:51.553979"], ["name", "Isaac Gonzalez"], ["username", "idgm5"]]
  [1m[35m (63.3ms)[0m  [1m[36mcommit transaction[0m
Redirected to http://localhost:3000/
Completed 302 Found in 199ms (ActiveRecord: 63.7ms | Allocations: 8613)


Started GET "/" for ::1 at 2020-04-23 14:27:51 -0500
Processing by TweetsController#index as HTML
  Rendering tweets/index.html.erb within layouts/application
  Rendered tweets/_trends.html.erb (Duration: 0.1ms | Allocations: 6)
  Rendered tweets/_form.html.erb (Duration: 9.9ms | Allocations: 3003)
  [1m[36mTweet Load (0.3ms)[0m  [1m[34mSELECT "tweets".* FROM "tweets" ORDER BY created_at DESC[0m
  ↳ app/views/tweets/_feed.html.erb:15
  Rendered tweets/_feed.html.erb (Duration: 12.9ms | Allocations: 3949)
  Rendered tweets/_who-to-follow.html.erb (Duration: 0.0ms | Allocations: 5)
  Rendered tweets/index.html.erb within layouts/application (Duration: 13.9ms | Allocations: 4129)
[Webpacker] Everything's up-to-date. Nothing to do
Completed 200 OK in 29ms (Views: 26.7ms | ActiveRecord: 0.3ms | Allocations: 8549)


Started GET "/" for ::1 at 2020-04-23 14:27:59 -0500
Processing by TweetsController#index as HTML
  Rendering tweets/index.html.erb within layouts/application
  Rendered tweets/_trends.html.erb (Duration: 0.0ms | Allocations: 6)
  Rendered tweets/_form.html.erb (Duration: 11.4ms | Allocations: 3001)
  [1m[36mTweet Load (0.2ms)[0m  [1m[34mSELECT "tweets".* FROM "tweets" ORDER BY created_at DESC[0m
  ↳ app/views/tweets/_feed.html.erb:15
  Rendered tweets/_feed.html.erb (Duration: 14.8ms | Allocations: 3956)
  Rendered tweets/_who-to-follow.html.erb (Duration: 0.0ms | Allocations: 5)
  Rendered tweets/index.html.erb within layouts/application (Duration: 17.1ms | Allocations: 4137)
[Webpacker] Everything's up-to-date. Nothing to do
Completed 200 OK in 33ms (Views: 27.7ms | ActiveRecord: 0.2ms | Allocations: 8518)


  [1m[35m (1.0ms)[0m  [1m[34mSELECT sqlite_version(*)[0m
  [1m[36mUser Load (0.4ms)[0m  [1m[34mSELECT "users".* FROM "users" LIMIT ?[0m  [["LIMIT", 11]]
Started GET "/" for ::1 at 2020-04-23 14:29:10 -0500
Processing by TweetsController#index as HTML
  Rendering tweets/index.html.erb within layouts/application
  Rendered tweets/_trends.html.erb (Duration: 0.1ms | Allocations: 6)
  Rendered tweets/_form.html.erb (Duration: 15.9ms | Allocations: 3001)
  [1m[36mTweet Load (0.2ms)[0m  [1m[34mSELECT "tweets".* FROM "tweets" ORDER BY created_at DESC[0m
  ↳ app/views/tweets/_feed.html.erb:15
  Rendered tweets/_feed.html.erb (Duration: 20.2ms | Allocations: 3948)
  Rendered tweets/_who-to-follow.html.erb (Duration: 0.0ms | Allocations: 5)
  Rendered tweets/index.html.erb within layouts/application (Duration: 22.9ms | Allocations: 4128)
[Webpacker] Everything's up-to-date. Nothing to do
Completed 200 OK in 42ms (Views: 37.6ms | ActiveRecord: 0.2ms | Allocations: 8495)


Started POST "/tweets" for ::1 at 2020-04-23 14:29:30 -0500
Processing by TweetsController#create as HTML
  Parameters: {"authenticity_token"=>"Ku+L+/3wKj1WR2L1bN73CNK71vqdXqkrLcKY5CqrzXi/aQurz0JPFrcEIk41RXzygEo5vcuOhwALrA3/8JZmpQ==", "tweet"=>{"tweet"=>"This is a user generate tweet"}, "commit"=>"Create Tweet"}
  [1m[36mUser Load (0.1ms)[0m  [1m[34mSELECT "users".* FROM "users" WHERE "users"."id" = ? ORDER BY "users"."id" ASC LIMIT ?[0m  [["id", 2], ["LIMIT", 1]]
  [1m[35m (0.1ms)[0m  [1m[36mbegin transaction[0m
  ↳ app/controllers/tweets_controller.rb:32:in `block in create'
  [1m[36mTweet Create (0.6ms)[0m  [1m[32mINSERT INTO "tweets" ("tweet", "created_at", "updated_at", "user_id") VALUES (?, ?, ?, ?)[0m  [["tweet", "This is a user generate tweet"], ["created_at", "2020-04-23 19:29:31.113958"], ["updated_at", "2020-04-23 19:29:31.113958"], ["user_id", 2]]
  ↳ app/controllers/tweets_controller.rb:32:in `block in create'
  [1m[35m (95.6ms)[0m  [1m[36mcommit transaction[0m
  ↳ app/controllers/tweets_controller.rb:32:in `block in create'
Redirected to http://localhost:3000/
Completed 302 Found in 475ms (ActiveRecord: 96.4ms | Allocations: 12358)


Started GET "/" for ::1 at 2020-04-23 14:29:31 -0500
Processing by TweetsController#index as HTML
  Rendering tweets/index.html.erb within layouts/application
  Rendered tweets/_trends.html.erb (Duration: 0.0ms | Allocations: 6)
  Rendered tweets/_form.html.erb (Duration: 5.3ms | Allocations: 3005)
  [1m[36mTweet Load (0.2ms)[0m  [1m[34mSELECT "tweets".* FROM "tweets" ORDER BY created_at DESC[0m
  ↳ app/views/tweets/_feed.html.erb:15
  Rendered tweets/_feed.html.erb (Duration: 7.6ms | Allocations: 4101)
  Rendered tweets/_who-to-follow.html.erb (Duration: 0.0ms | Allocations: 5)
  Rendered tweets/index.html.erb within layouts/application (Duration: 8.4ms | Allocations: 4281)
[Webpacker] Everything's up-to-date. Nothing to do
Completed 200 OK in 15ms (Views: 13.4ms | ActiveRecord: 0.2ms | Allocations: 8692)


Started GET "/tweets/5/edit" for ::1 at 2020-04-23 14:29:34 -0500
Processing by TweetsController#edit as HTML
  Parameters: {"id"=>"5"}
  [1m[36mTweet Load (0.3ms)[0m  [1m[34mSELECT "tweets".* FROM "tweets" WHERE "tweets"."id" = ? LIMIT ?[0m  [["id", 5], ["LIMIT", 1]]
  ↳ app/controllers/tweets_controller.rb:69:in `set_tweet'
  [1m[36mUser Load (0.1ms)[0m  [1m[34mSELECT "users".* FROM "users" WHERE "users"."id" = ? ORDER BY "users"."id" ASC LIMIT ?[0m  [["id", 2], ["LIMIT", 1]]
  Rendering tweets/edit.html.erb within layouts/application
  Rendered tweets/_form.html.erb (Duration: 6.4ms | Allocations: 3169)
  Rendered tweets/edit.html.erb within layouts/application (Duration: 7.7ms | Allocations: 3517)
[Webpacker] Everything's up-to-date. Nothing to do
Completed 200 OK in 20ms (Views: 13.8ms | ActiveRecord: 0.4ms | Allocations: 9990)


Started PATCH "/tweets/5" for ::1 at 2020-04-23 14:29:43 -0500
Processing by TweetsController#update as HTML
  Parameters: {"authenticity_token"=>"rnNQDFipWbeY6y/KbLmPy9pUxE5VlASshQtX3spS/+yL2zVwkV9167qIHSVVVEQD27b2w4lj5VUZlj01/xpZqw==", "tweet"=>{"tweet"=>"This is a user generated tweet"}, "commit"=>"Update Tweet", "id"=>"5"}
  [1m[36mTweet Load (0.2ms)[0m  [1m[34mSELECT "tweets".* FROM "tweets" WHERE "tweets"."id" = ? LIMIT ?[0m  [["id", 5], ["LIMIT", 1]]
  ↳ app/controllers/tweets_controller.rb:69:in `set_tweet'
  [1m[36mUser Load (0.1ms)[0m  [1m[34mSELECT "users".* FROM "users" WHERE "users"."id" = ? ORDER BY "users"."id" ASC LIMIT ?[0m  [["id", 2], ["LIMIT", 1]]
  [1m[35m (0.1ms)[0m  [1m[36mbegin transaction[0m
  ↳ app/controllers/tweets_controller.rb:46:in `block in update'
  [1m[36mUser Load (0.4ms)[0m  [1m[34mSELECT "users".* FROM "users" WHERE "users"."id" = ? LIMIT ?[0m  [["id", 2], ["LIMIT", 1]]
  ↳ app/controllers/tweets_controller.rb:46:in `block in update'
  [1m[36mTweet Update (0.5ms)[0m  [1m[33mUPDATE "tweets" SET "tweet" = ?, "updated_at" = ? WHERE "tweets"."id" = ?[0m  [["tweet", "This is a user generated tweet"], ["updated_at", "2020-04-23 19:29:43.107128"], ["id", 5]]
  ↳ app/controllers/tweets_controller.rb:46:in `block in update'
  [1m[35m (68.4ms)[0m  [1m[36mcommit transaction[0m
  ↳ app/controllers/tweets_controller.rb:46:in `block in update'
Redirected to http://localhost:3000/tweets/5
Completed 302 Found in 83ms (ActiveRecord: 69.6ms | Allocations: 6994)


Started GET "/tweets/5" for ::1 at 2020-04-23 14:29:43 -0500
Processing by TweetsController#show as HTML
  Parameters: {"id"=>"5"}
  [1m[36mTweet Load (0.2ms)[0m  [1m[34mSELECT "tweets".* FROM "tweets" WHERE "tweets"."id" = ? LIMIT ?[0m  [["id", 5], ["LIMIT", 1]]
  ↳ app/controllers/tweets_controller.rb:69:in `set_tweet'
  Rendering tweets/show.html.erb within layouts/application
  Rendered tweets/show.html.erb within layouts/application (Duration: 1.4ms | Allocations: 229)
[Webpacker] Everything's up-to-date. Nothing to do
Completed 200 OK in 12ms (Views: 8.8ms | ActiveRecord: 0.2ms | Allocations: 5482)


Started GET "/tweets" for ::1 at 2020-04-23 14:29:45 -0500
Processing by TweetsController#index as HTML
  Rendering tweets/index.html.erb within layouts/application
  Rendered tweets/_trends.html.erb (Duration: 0.1ms | Allocations: 6)
  Rendered tweets/_form.html.erb (Duration: 14.4ms | Allocations: 3006)
  [1m[36mTweet Load (0.2ms)[0m  [1m[34mSELECT "tweets".* FROM "tweets" ORDER BY created_at DESC[0m
  ↳ app/views/tweets/_feed.html.erb:15
  Rendered tweets/_feed.html.erb (Duration: 16.8ms | Allocations: 4104)
  Rendered tweets/_who-to-follow.html.erb (Duration: 0.0ms | Allocations: 5)
  Rendered tweets/index.html.erb within layouts/application (Duration: 17.7ms | Allocations: 4284)
[Webpacker] Everything's up-to-date. Nothing to do
Completed 200 OK in 26ms (Views: 23.3ms | ActiveRecord: 0.2ms | Allocations: 8678)


Started GET "/users/1/edit" for ::1 at 2020-04-23 14:31:39 -0500
  
ActionController::RoutingError (No route matches [GET] "/users/1/edit"):
  
actionpack (6.0.2.2) lib/action_dispatch/middleware/debug_exceptions.rb:36:in `call'
web-console (4.0.1) lib/web_console/middleware.rb:132:in `call_app'
web-console (4.0.1) lib/web_console/middleware.rb:28:in `block in call'
web-console (4.0.1) lib/web_console/middleware.rb:17:in `catch'
web-console (4.0.1) lib/web_console/middleware.rb:17:in `call'
actionpack (6.0.2.2) lib/action_dispatch/middleware/show_exceptions.rb:33:in `call'
railties (6.0.2.2) lib/rails/rack/logger.rb:38:in `call_app'
railties (6.0.2.2) lib/rails/rack/logger.rb:26:in `block in call'
activesupport (6.0.2.2) lib/active_support/tagged_logging.rb:80:in `block in tagged'
activesupport (6.0.2.2) lib/active_support/tagged_logging.rb:28:in `tagged'
activesupport (6.0.2.2) lib/active_support/tagged_logging.rb:80:in `tagged'
railties (6.0.2.2) lib/rails/rack/logger.rb:26:in `call'
sprockets-rails (3.2.1) lib/sprockets/rails/quiet_assets.rb:13:in `call'
actionpack (6.0.2.2) lib/action_dispatch/middleware/remote_ip.rb:81:in `call'
actionpack (6.0.2.2) lib/action_dispatch/middleware/request_id.rb:27:in `call'
rack (2.2.2) lib/rack/method_override.rb:24:in `call'
rack (2.2.2) lib/rack/runtime.rb:22:in `call'
activesupport (6.0.2.2) lib/active_support/cache/strategy/local_cache_middleware.rb:29:in `call'
actionpack (6.0.2.2) lib/action_dispatch/middleware/executor.rb:14:in `call'
actionpack (6.0.2.2) lib/action_dispatch/middleware/static.rb:126:in `call'
rack (2.2.2) lib/rack/sendfile.rb:110:in `call'
actionpack (6.0.2.2) lib/action_dispatch/middleware/host_authorization.rb:83:in `call'
webpacker (4.2.2) lib/webpacker/dev_server_proxy.rb:23:in `perform_request'
rack-proxy (0.6.5) lib/rack/proxy.rb:57:in `call'
railties (6.0.2.2) lib/rails/engine.rb:526:in `call'
puma (4.3.3) lib/puma/configuration.rb:228:in `call'
puma (4.3.3) lib/puma/server.rb:682:in `handle_request'
puma (4.3.3) lib/puma/server.rb:472:in `process_client'
puma (4.3.3) lib/puma/server.rb:328:in `block in run'
puma (4.3.3) lib/puma/thread_pool.rb:134:in `block in spawn_thread'
Started GET "/users/1/profile" for ::1 at 2020-04-23 14:31:45 -0500
  
ActionController::RoutingError (No route matches [GET] "/users/1/profile"):
  
actionpack (6.0.2.2) lib/action_dispatch/middleware/debug_exceptions.rb:36:in `call'
web-console (4.0.1) lib/web_console/middleware.rb:132:in `call_app'
web-console (4.0.1) lib/web_console/middleware.rb:28:in `block in call'
web-console (4.0.1) lib/web_console/middleware.rb:17:in `catch'
web-console (4.0.1) lib/web_console/middleware.rb:17:in `call'
actionpack (6.0.2.2) lib/action_dispatch/middleware/show_exceptions.rb:33:in `call'
railties (6.0.2.2) lib/rails/rack/logger.rb:38:in `call_app'
railties (6.0.2.2) lib/rails/rack/logger.rb:26:in `block in call'
activesupport (6.0.2.2) lib/active_support/tagged_logging.rb:80:in `block in tagged'
activesupport (6.0.2.2) lib/active_support/tagged_logging.rb:28:in `tagged'
activesupport (6.0.2.2) lib/active_support/tagged_logging.rb:80:in `tagged'
railties (6.0.2.2) lib/rails/rack/logger.rb:26:in `call'
sprockets-rails (3.2.1) lib/sprockets/rails/quiet_assets.rb:13:in `call'
actionpack (6.0.2.2) lib/action_dispatch/middleware/remote_ip.rb:81:in `call'
actionpack (6.0.2.2) lib/action_dispatch/middleware/request_id.rb:27:in `call'
rack (2.2.2) lib/rack/method_override.rb:24:in `call'
rack (2.2.2) lib/rack/runtime.rb:22:in `call'
activesupport (6.0.2.2) lib/active_support/cache/strategy/local_cache_middleware.rb:29:in `call'
actionpack (6.0.2.2) lib/action_dispatch/middleware/executor.rb:14:in `call'
actionpack (6.0.2.2) lib/action_dispatch/middleware/static.rb:126:in `call'
rack (2.2.2) lib/rack/sendfile.rb:110:in `call'
actionpack (6.0.2.2) lib/action_dispatch/middleware/host_authorization.rb:83:in `call'
webpacker (4.2.2) lib/webpacker/dev_server_proxy.rb:23:in `perform_request'
rack-proxy (0.6.5) lib/rack/proxy.rb:57:in `call'
railties (6.0.2.2) lib/rails/engine.rb:526:in `call'
puma (4.3.3) lib/puma/configuration.rb:228:in `call'
puma (4.3.3) lib/puma/server.rb:682:in `handle_request'
puma (4.3.3) lib/puma/server.rb:472:in `process_client'
puma (4.3.3) lib/puma/server.rb:328:in `block in run'
puma (4.3.3) lib/puma/thread_pool.rb:134:in `block in spawn_thread'
DEPRECATION WARNING: Using `bin/rake routes` is deprecated and will be removed in Rails 6.1. Use `bin/rails routes` instead.
 (called from block in execute at /home/isaac/.rvm/rubies/ruby-2.7.0/lib/ruby/gems/2.7.0/gems/rake-13.0.1/lib/rake/task.rb:281)
Started GET "/users/edit" for ::1 at 2020-04-23 14:32:18 -0500
Processing by RegistrationsController#edit as HTML
  [1m[36mUser Load (0.1ms)[0m  [1m[34mSELECT "users".* FROM "users" WHERE "users"."id" = ? ORDER BY "users"."id" ASC LIMIT ?[0m  [["id", 2], ["LIMIT", 1]]
  Rendering devise/registrations/edit.html.erb within layouts/application
  Rendered devise/registrations/edit.html.erb within layouts/application (Duration: 15.4ms | Allocations: 10378)
[Webpacker] Everything's up-to-date. Nothing to do
Completed 200 OK in 22ms (Views: 20.4ms | ActiveRecord: 0.1ms | Allocations: 16744)


Started PUT "/users" for ::1 at 2020-04-23 14:32:42 -0500
Processing by RegistrationsController#update as HTML
  Parameters: {"authenticity_token"=>"JBPHuiZ1uzeXsgK0AMUkzft2uXx49ncHpISLargFgk6xlUfqFMfeHHbxQg9ZXq83qYdWOy4mWSyC6h5xYjgpkw==", "user"=>{"name"=>"Isaac Gonzalez", "username"=>"idgm5", "email"=>"idgm@protonmail.com", "password"=>"[FILTERED]", "password_confirmation"=>"[FILTERED]", "current_password"=>"[FILTERED]"}, "commit"=>"Update"}
  [1m[36mUser Load (0.1ms)[0m  [1m[34mSELECT "users".* FROM "users" WHERE "users"."id" = ? ORDER BY "users"."id" ASC LIMIT ?[0m  [["id", 2], ["LIMIT", 1]]
  [1m[36mUser Load (0.1ms)[0m  [1m[34mSELECT "users".* FROM "users" WHERE "users"."id" = ? LIMIT ?[0m  [["id", 2], ["LIMIT", 1]]
  [1m[35m (0.0ms)[0m  [1m[36mbegin transaction[0m
  [1m[36mUser Exists? (0.1ms)[0m  [1m[34mSELECT 1 AS one FROM "users" WHERE "users"."email" = ? AND "users"."id" != ? LIMIT ?[0m  [["email", "idgm@protonmail.com"], ["id", 2], ["LIMIT", 1]]
  [1m[36mUser Update (0.6ms)[0m  [1m[33mUPDATE "users" SET "email" = ?, "updated_at" = ? WHERE "users"."id" = ?[0m  [["email", "idgm@protonmail.com"], ["updated_at", "2020-04-23 19:32:43.110480"], ["id", 2]]
  [1m[35m (70.0ms)[0m  [1m[36mcommit transaction[0m
Redirected to http://localhost:3000/
Completed 302 Found in 211ms (ActiveRecord: 70.9ms | Allocations: 12582)


Started GET "/" for ::1 at 2020-04-23 14:32:43 -0500
Processing by TweetsController#index as HTML
  Rendering tweets/index.html.erb within layouts/application
  Rendered tweets/_trends.html.erb (Duration: 0.1ms | Allocations: 6)
  Rendered tweets/_form.html.erb (Duration: 9.5ms | Allocations: 3017)
  [1m[36mTweet Load (0.3ms)[0m  [1m[34mSELECT "tweets".* FROM "tweets" ORDER BY created_at DESC[0m
  ↳ app/views/tweets/_feed.html.erb:15
  Rendered tweets/_feed.html.erb (Duration: 15.8ms | Allocations: 4115)
  Rendered tweets/_who-to-follow.html.erb (Duration: 0.0ms | Allocations: 5)
  Rendered tweets/index.html.erb within layouts/application (Duration: 16.8ms | Allocations: 4295)
[Webpacker] Everything's up-to-date. Nothing to do
Completed 200 OK in 25ms (Views: 22.9ms | ActiveRecord: 0.3ms | Allocations: 8720)


Started GET "/" for ::1 at 2020-04-23 14:32:46 -0500
Processing by TweetsController#index as HTML
  Rendering tweets/index.html.erb within layouts/application
  Rendered tweets/_trends.html.erb (Duration: 0.0ms | Allocations: 6)
  Rendered tweets/_form.html.erb (Duration: 6.3ms | Allocations: 3008)
  [1m[36mTweet Load (0.3ms)[0m  [1m[34mSELECT "tweets".* FROM "tweets" ORDER BY created_at DESC[0m
  ↳ app/views/tweets/_feed.html.erb:15
  Rendered tweets/_feed.html.erb (Duration: 9.1ms | Allocations: 4104)
  Rendered tweets/_who-to-follow.html.erb (Duration: 0.0ms | Allocations: 5)
  Rendered tweets/index.html.erb within layouts/application (Duration: 9.8ms | Allocations: 4284)
[Webpacker] Everything's up-to-date. Nothing to do
Completed 200 OK in 18ms (Views: 15.7ms | ActiveRecord: 0.3ms | Allocations: 8652)


  [1m[35m (1.0ms)[0m  [1m[34mSELECT sqlite_version(*)[0m
  [1m[36mUser Load (0.4ms)[0m  [1m[34mSELECT "users".* FROM "users" LIMIT ?[0m  [["LIMIT", 11]]
  [1m[35m (0.3ms)[0m  [1m[34mSELECT sqlite_version(*)[0m
  [1m[36mTweet Load (0.1ms)[0m  [1m[34mSELECT "tweets".* FROM "tweets" LIMIT ?[0m  [["LIMIT", 11]]
Started DELETE "/tweets/4" for ::1 at 2020-04-23 14:33:52 -0500
Processing by TweetsController#destroy as HTML
  Parameters: {"authenticity_token"=>"IsJdFGef3whVbK9cIwM6Q6CvD9tlsbhRr8l20/5D/2C3RN1EVS26I7Qv7+d6mLG58l7gnDNhlnqJp+PIJH5UvQ==", "id"=>"4"}
  [1m[36mTweet Load (0.1ms)[0m  [1m[34mSELECT "tweets".* FROM "tweets" WHERE "tweets"."id" = ? LIMIT ?[0m  [["id", 4], ["LIMIT", 1]]
  ↳ app/controllers/tweets_controller.rb:69:in `set_tweet'
  [1m[36mUser Load (0.1ms)[0m  [1m[34mSELECT "users".* FROM "users" WHERE "users"."id" = ? ORDER BY "users"."id" ASC LIMIT ?[0m  [["id", 2], ["LIMIT", 1]]
  [1m[35m (0.1ms)[0m  [1m[36mbegin transaction[0m
  ↳ app/controllers/tweets_controller.rb:59:in `destroy'
  [1m[36mTweet Destroy (0.3ms)[0m  [1m[31mDELETE FROM "tweets" WHERE "tweets"."id" = ?[0m  [["id", 4]]
  ↳ app/controllers/tweets_controller.rb:59:in `destroy'
  [1m[35m (77.3ms)[0m  [1m[36mcommit transaction[0m
  ↳ app/controllers/tweets_controller.rb:59:in `destroy'
Redirected to http://localhost:3000/tweets
Completed 302 Found in 87ms (ActiveRecord: 77.9ms | Allocations: 5035)


Started GET "/tweets" for ::1 at 2020-04-23 14:33:52 -0500
Processing by TweetsController#index as HTML
  Rendering tweets/index.html.erb within layouts/application
  Rendered tweets/_trends.html.erb (Duration: 0.0ms | Allocations: 6)
  Rendered tweets/_form.html.erb (Duration: 6.1ms | Allocations: 3007)
  [1m[36mTweet Load (0.2ms)[0m  [1m[34mSELECT "tweets".* FROM "tweets" ORDER BY created_at DESC[0m
  ↳ app/views/tweets/_feed.html.erb:15
  Rendered tweets/_feed.html.erb (Duration: 8.0ms | Allocations: 3954)
  Rendered tweets/_who-to-follow.html.erb (Duration: 0.0ms | Allocations: 5)
  Rendered tweets/index.html.erb within layouts/application (Duration: 8.5ms | Allocations: 4134)
[Webpacker] Everything's up-to-date. Nothing to do
Completed 200 OK in 16ms (Views: 14.0ms | ActiveRecord: 0.2ms | Allocations: 8530)


Started DELETE "/tweets/2" for ::1 at 2020-04-23 14:33:54 -0500
Processing by TweetsController#destroy as HTML
  Parameters: {"authenticity_token"=>"b3eZYfl7jJMZS+kHmQMGTzZaWmEsPTHCk4Qqo77fPNn68Rkxy8npuPgIqbzAmI21ZKu1JnrtH+m16r+4ZOKXBA==", "id"=>"2"}
  [1m[36mTweet Load (0.2ms)[0m  [1m[34mSELECT "tweets".* FROM "tweets" WHERE "tweets"."id" = ? LIMIT ?[0m  [["id", 2], ["LIMIT", 1]]
  ↳ app/controllers/tweets_controller.rb:69:in `set_tweet'
  [1m[36mUser Load (0.2ms)[0m  [1m[34mSELECT "users".* FROM "users" WHERE "users"."id" = ? ORDER BY "users"."id" ASC LIMIT ?[0m  [["id", 2], ["LIMIT", 1]]
  [1m[35m (0.1ms)[0m  [1m[36mbegin transaction[0m
  ↳ app/controllers/tweets_controller.rb:59:in `destroy'
  [1m[36mTweet Destroy (0.3ms)[0m  [1m[31mDELETE FROM "tweets" WHERE "tweets"."id" = ?[0m  [["id", 2]]
  ↳ app/controllers/tweets_controller.rb:59:in `destroy'
  [1m[35m (69.4ms)[0m  [1m[36mcommit transaction[0m
  ↳ app/controllers/tweets_controller.rb:59:in `destroy'
Redirected to http://localhost:3000/tweets
Completed 302 Found in 82ms (ActiveRecord: 70.0ms | Allocations: 5009)


Started GET "/tweets" for ::1 at 2020-04-23 14:33:55 -0500
Processing by TweetsController#index as HTML
  Rendering tweets/index.html.erb within layouts/application
  Rendered tweets/_trends.html.erb (Duration: 0.1ms | Allocations: 6)
  Rendered tweets/_form.html.erb (Duration: 9.2ms | Allocations: 3007)
  [1m[36mTweet Load (0.3ms)[0m  [1m[34mSELECT "tweets".* FROM "tweets" ORDER BY created_at DESC[0m
  ↳ app/views/tweets/_feed.html.erb:15
  Rendered tweets/_feed.html.erb (Duration: 12.2ms | Allocations: 3953)
  Rendered tweets/_who-to-follow.html.erb (Duration: 0.0ms | Allocations: 5)
  Rendered tweets/index.html.erb within layouts/application (Duration: 13.0ms | Allocations: 4133)
[Webpacker] Everything's up-to-date. Nothing to do
Completed 200 OK in 22ms (Views: 19.6ms | ActiveRecord: 0.3ms | Allocations: 8545)


Started GET "/tweets" for ::1 at 2020-04-23 14:33:56 -0500
Processing by TweetsController#index as HTML
  Rendering tweets/index.html.erb within layouts/application
  Rendered tweets/_trends.html.erb (Duration: 0.1ms | Allocations: 6)
  Rendered tweets/_form.html.erb (Duration: 15.0ms | Allocations: 3009)
  [1m[36mTweet Load (0.3ms)[0m  [1m[34mSELECT "tweets".* FROM "tweets" ORDER BY created_at DESC[0m
  ↳ app/views/tweets/_feed.html.erb:15
  Rendered tweets/_feed.html.erb (Duration: 17.5ms | Allocations: 3808)
  Rendered tweets/_who-to-follow.html.erb (Duration: 0.0ms | Allocations: 5)
  Rendered tweets/index.html.erb within layouts/application (Duration: 18.5ms | Allocations: 3988)
[Webpacker] Everything's up-to-date. Nothing to do
Completed 200 OK in 28ms (Views: 25.6ms | ActiveRecord: 0.3ms | Allocations: 8379)


  [1m[36mUser Load (0.4ms)[0m  [1m[34mSELECT "users".* FROM "users" LIMIT ?[0m  [["LIMIT", 11]]
